This file contains any messages produced by compilers while
running configure, to aid debugging if configure makes a mistake.

It was created by GNU C Library configure (see version.h), which was
generated by GNU Autoconf 2.57.  Invocation command line was

  $ ./configure 

## --------- ##
## Platform. ##
## --------- ##

hostname = syllable
uname -m = i586
uname -r = 6
uname -s = syllable
uname -v = 0.6

/usr/bin/uname -p = unknown
/bin/uname -X     = unknown

/bin/arch              = unknown
/usr/bin/arch -k       = unknown
/usr/convex/getsysinfo = unknown
hostinfo               = unknown
/bin/machine           = unknown
/usr/bin/oslevel       = unknown
/bin/universe          = unknown

PATH: /resources/indexes/sbin
PATH: /resources/indexes/bin
PATH: /usr/local/sbin
PATH: /usr/local/bin
PATH: /bin
PATH: /system/indexes/sbin
PATH: /system/indexes/bin
PATH: /system/bin


## ----------- ##
## Core tests. ##
## ----------- ##

configure:1350: error: you must configure in a separate build directory

## ---------------- ##
## Cache variables. ##
## ---------------- ##

ac_cv_env_CC_set=set
ac_cv_env_CC_value=gcc
ac_cv_env_CFLAGS_set=
ac_cv_env_CFLAGS_value=
ac_cv_env_CPPFLAGS_set=
ac_cv_env_CPPFLAGS_value=
ac_cv_env_CPP_set=
ac_cv_env_CPP_value=
ac_cv_env_LDFLAGS_set=
ac_cv_env_LDFLAGS_value=
ac_cv_env_build_alias_set=
ac_cv_env_build_alias_value=
ac_cv_env_host_alias_set=
ac_cv_env_host_alias_value=
ac_cv_env_target_alias_set=
ac_cv_env_target_alias_value=

## ----------------- ##
## Output variables. ##
## ----------------- ##

AR=''
AS='as'
AUTOCONF=''
AWK=''
BASH='/bin/sh'
BISON=''
BUILD_CC=''
CC='gcc'
CCVERSION=''
CFLAGS=''
CPP=''
CPPFLAGS=''
DEFINES=''
DEFS=''
ECHO_C=''
ECHO_N='-n'
ECHO_T=''
EGREP=''
INSTALL_DATA=''
INSTALL_INFO=''
INSTALL_PROGRAM=''
INSTALL_SCRIPT=''
KSH=''
LD=''
LDFLAGS=''
LIBGD=''
LIBOBJS=''
LIBS=''
LN_S=''
LTLIBOBJS=''
MAKE=''
MAKEINFO=''
MIG=''
MSGFMT=''
OBJDUMP=''
OBJEXT=''
OLD_DEBIAN_INSTALL_INFO=''
PACKAGE_BUGREPORT='glibc'
PACKAGE_NAME='GNU C Library'
PACKAGE_STRING='GNU C Library (see version.h)'
PACKAGE_TARNAME='c-library'
PACKAGE_VERSION='(see version.h)'
PATH_SEPARATOR=':'
PERL=''
PWD_P=''
RANLIB=''
RELEASE=''
SED=''
SHELL='/bin/sh'
SYSINCLUDES=''
VERSION=''
VERSIONING=''
ac_ct_CC=''
ac_ct_RANLIB=''
all_warnings=''
base_machine=''
bindir='${exec_prefix}/bin'
bounded=''
build=''
build_alias=''
build_cpu=''
build_os=''
build_vendor=''
cross_compiling='no'
datadir='${prefix}/share'
elf=''
exceptions=''
exec_prefix='NONE'
force_install=''
gnu_as=''
gnu_ld=''
host=''
host_alias=''
host_cpu=''
host_os=''
host_vendor=''
includedir='${prefix}/include'
infodir='${prefix}/info'
ldd_rewrite_script=''
libc_cv_Bgroup=''
libc_cv_asm_protected_directive=''
libc_cv_gcc_static_libgcc=''
libc_cv_gcc_unwind_find_fde=''
libc_cv_have_bash2=''
libc_cv_have_initfini=''
libc_cv_have_ksh=''
libc_cv_initfinit_array=''
libc_cv_localedir=''
libc_cv_rootsbindir=''
libc_cv_slibdir=''
libc_cv_sysconfdir=''
libc_cv_z_combreloc=''
libc_cv_z_initfirst=''
libc_cv_z_nodelete=''
libc_cv_z_nodlopen=''
libdir='${exec_prefix}/lib'
libexecdir='${exec_prefix}/libexec'
linux_doors=''
localstatedir='${prefix}/var'
mach_interface_list=''
mandir='${prefix}/man'
no_whole_archive=''
nopic_initfini=''
old_glibc_headers=''
oldest_abi=''
oldincludedir='/usr/include'
omitfp=''
pic_default=''
prefix='NONE'
profile=''
program_transform_name='s,x,x,'
sbindir='${exec_prefix}/sbin'
shared=''
sharedstatedir='${prefix}/com'
sizeof_long_double=''
static=''
static_nss=''
subdirs=''
sysconfdir='${prefix}/etc'
sysnames=''
target_alias=''
uname_release=''
uname_sysname=''
uname_version=''
use_ldconfig=''
with_cvs=''
with_fp=''
xcoff=''

## ----------- ##
## confdefs.h. ##
## ----------- ##

#define PACKAGE_BUGREPORT "glibc"
#define PACKAGE_NAME "GNU C Library"
#define PACKAGE_STRING "GNU C Library (see version.h)"
#define PACKAGE_TARNAME "c-library"
#define PACKAGE_VERSION "(see version.h)"

configure: exit 1
